<?xml version="1.0" encoding="UTF-8"?>
<testsuite name="githubtest_21.TestSoft2" tests="1" skipped="0" failures="0" errors="0" timestamp="2023-08-08T19:30:45" hostname="DESKTOP-L68VFSM" time="8.289">
  <properties/>
  <testcase name="soft()" classname="githubtest_21.TestSoft2" time="8.289"/>
  <system-out><![CDATA[]]></system-out>
  <system-err><![CDATA[SLF4J: No SLF4J providers were found.
SLF4J: Defaulting to no-operation (NOP) logger implementation
SLF4J: See https://www.slf4j.org/codes.html#noProviders for further details.
авг. 09, 2023 1:30:47 AM org.openqa.selenium.remote.service.DriverService$Builder getLogOutput
INFO: Driver logs no longer sent to console by default; https://www.selenium.dev/documentation/webdriver/drivers/service/#setting-log-output
авг. 09, 2023 1:30:48 AM org.openqa.selenium.devtools.CdpVersionFinder findNearestMatch
WARNING: Unable to find an exact match for CDP version 115, so returning the closest version found: 114
]]></system-err>
</testsuite>
